This is pdfTeX, Version 3.14159265-2.6-1.40.20 (MiKTeX 2.9.7000) (preloaded format=pdflatex 2019.4.15)  16 MAY 2019 17:57
entering extended mode
**./main.tex
(main.tex
LaTeX2e <2018-04-01> patch level 5
(Latex/Classes/PhDthesisPSnPDF.cls
Document Class: Latex/Classes/PhDthesisPSnPDF 2007/09/06 v2 PhD thesis class
(/home/leonardo/.miktex/texmfs/install/tex/latex/base/report.cls
Document Class: report 2014/09/29 v1.4h Standard LaTeX document class
(/home/leonardo/.miktex/texmfs/install/tex/latex/base/size10.clo
File: size10.clo 2014/09/29 v1.4h Standard LaTeX file (size option)
)
\c@part=\count80
\c@chapter=\count81
\c@section=\count82
\c@subsection=\count83
\c@subsubsection=\count84
\c@paragraph=\count85
\c@subparagraph=\count86
\c@figure=\count87
\c@table=\count88
\abovecaptionskip=\skip41
\belowcaptionskip=\skip42
\bibindent=\dimen102
)
(/home/leonardo/.miktex/texmfs/install/tex/latex/amsfonts/amssymb.sty
Package: amssymb 2013/01/14 v3.01 AMS font symbols

(/home/leonardo/.miktex/texmfs/install/tex/latex/amsfonts/amsfonts.sty
Package: amsfonts 2013/01/14 v3.01 Basic AMSFonts support
\@emptytoks=\toks14
\symAMSa=\mathgroup4
\symAMSb=\mathgroup5
LaTeX Font Info:    Overwriting math alphabet `\mathfrak' in version `bold'
(Font)                  U/euf/m/n --> U/euf/b/n on input line 106.
))
(/home/leonardo/.miktex/texmfs/install/tex/latex/amsmath/amsmath.sty
Package: amsmath 2018/12/01 v2.17b AMS math features
\@mathmargin=\skip43

For additional information on amsmath, use the `?' option.
(/home/leonardo/.miktex/texmfs/install/tex/latex/amsmath/amstext.sty
Package: amstext 2000/06/29 v2.01 AMS text

(/home/leonardo/.miktex/texmfs/install/tex/latex/amsmath/amsgen.sty
File: amsgen.sty 1999/11/30 v2.0 generic functions
\@emptytoks=\toks15
\ex@=\dimen103
))
(/home/leonardo/.miktex/texmfs/install/tex/latex/amsmath/amsbsy.sty
Package: amsbsy 1999/11/29 v1.2d Bold Symbols
\pmbraise@=\dimen104
)
(/home/leonardo/.miktex/texmfs/install/tex/latex/amsmath/amsopn.sty
Package: amsopn 2016/03/08 v2.02 operator names
)
\inf@bad=\count89
LaTeX Info: Redefining \frac on input line 223.
\uproot@=\count90
\leftroot@=\count91
LaTeX Info: Redefining \overline on input line 385.
\classnum@=\count92
\DOTSCASE@=\count93
LaTeX Info: Redefining \ldots on input line 482.
LaTeX Info: Redefining \dots on input line 485.
LaTeX Info: Redefining \cdots on input line 606.
\Mathstrutbox@=\box26
\strutbox@=\box27
\big@size=\dimen105
LaTeX Font Info:    Redeclaring font encoding OML on input line 729.
LaTeX Font Info:    Redeclaring font encoding OMS on input line 730.
\macc@depth=\count94
\c@MaxMatrixCols=\count95
\dotsspace@=\muskip10
\c@parentequation=\count96
\dspbrk@lvl=\count97
\tag@help=\toks16
\row@=\count98
\column@=\count99
\maxfields@=\count100
\andhelp@=\toks17
\eqnshift@=\dimen106
\alignsep@=\dimen107
\tagshift@=\dimen108
\tagwidth@=\dimen109
\totwidth@=\dimen110
\lineht@=\dimen111
\@envbody=\toks18
\multlinegap=\skip44
\multlinetaggap=\skip45
\mathdisplay@stack=\toks19
LaTeX Info: Redefining \[ on input line 2844.
LaTeX Info: Redefining \] on input line 2845.
)
(/home/leonardo/.miktex/texmfs/install/tex/latex/base/inputenc.sty
Package: inputenc 2018/04/06 v1.3b Input encoding file
\inpenc@prehook=\toks20
\inpenc@posthook=\toks21
)
(/home/leonardo/.miktex/texmfs/install/tex/latex/listings/listings.sty
(/home/leonardo/.miktex/texmfs/install/tex/latex/graphics/keyval.sty
Package: keyval 2014/10/28 v1.15 key=value parser (DPC)
\KV@toks@=\toks22
)
\lst@mode=\count101
\lst@gtempboxa=\box28
\lst@token=\toks23
\lst@length=\count102
\lst@currlwidth=\dimen112
\lst@column=\count103
\lst@pos=\count104
\lst@lostspace=\dimen113
\lst@width=\dimen114
\lst@newlines=\count105
\lst@lineno=\count106
\lst@maxwidth=\dimen115

(/home/leonardo/.miktex/texmfs/install/tex/latex/listings/lstmisc.sty
File: lstmisc.sty 2018/09/02 1.7 (Carsten Heinz)
\c@lstnumber=\count107
\lst@skipnumbers=\count108
\lst@framebox=\box29
)
(/home/leonardo/.miktex/texmfs/install/tex/latex/listings/listings.cfg
File: listings.cfg 2018/09/02 1.7 listings configuration
))
Package: listings 2018/09/02 1.7 (Carsten Heinz)

(/home/leonardo/.miktex/texmfs/install/tex/latex/emptypage/emptypage.sty
Package: emptypage 2010/05/30 v1.2 Suppress page numbers and headings on empty 
pages
)
(/home/leonardo/.miktex/texmfs/install/tex/latex/wrapfig/wrapfig.sty
\wrapoverhang=\dimen116
\WF@size=\dimen117
\c@WF@wrappedlines=\count109
\WF@box=\box30
\WF@everypar=\toks24
Package: wrapfig 2003/01/31  v 3.6
)
(/home/leonardo/.miktex/texmfs/install/tex/latex/caption/caption.sty
Package: caption 2018/10/06 v3.3-154 Customizing captions (AR)

(/home/leonardo/.miktex/texmfs/install/tex/latex/caption/caption3.sty
Package: caption3 2018/09/12 v1.8c caption3 kernel (AR)
Package caption3 Info: TeX engine: e-TeX on input line 64.
\captionmargin=\dimen118
\captionmargin@=\dimen119
\captionwidth=\dimen120
\caption@tempdima=\dimen121
\caption@indent=\dimen122
\caption@parindent=\dimen123
\caption@hangindent=\dimen124
)
\c@caption@flags=\count110
\c@ContinuedFloat=\count111
Package caption Info: listings package is loaded.
Package caption Info: wrapfig package is loaded.
)
(/home/leonardo/.miktex/texmfs/install/tex/latex/subfigure/subfigure.sty
Package: subfigure 2002/07/30 v2.1.4 subfigure package
\subfigtopskip=\skip46
\subfigcapskip=\skip47
\subfigcaptopadj=\dimen125
\subfigbottomskip=\skip48
\subfigcapmargin=\dimen126
\subfiglabelskip=\skip49
\c@subfigure=\count112
\c@lofdepth=\count113
\c@subtable=\count114
\c@lotdepth=\count115

****************************************
* Local config file subfigure.cfg used *
****************************************
(/home/leonardo/.miktex/texmfs/install/tex/latex/subfigure/subfigure.cfg)
\subfig@top=\skip50
\subfig@bottom=\skip51
)
(/home/leonardo/.miktex/texmfs/install/tex/latex/base/makeidx.sty
Package: makeidx 2014/09/29 v1.0m Standard LaTeX package
)
(/home/leonardo/.miktex/texmfs/install/tex/generic/mathdots/mathdots.sty
Package: mathdots 2014/06/11 v0.9 Improve and add various macros for dots in ma
th.
\MDo@unit=\dimen127
\MDo@dotsbox=\box31
\MDoprekern=\muskip11
\MDopostkern=\muskip12
\MDodotkern=\muskip13
)
(/home/leonardo/.miktex/texmfs/install/tex/latex/jknappen/mathrsfs.sty
Package: mathrsfs 1996/01/01 Math RSFS package v1.0 (jk)
\symrsfs=\mathgroup6
)
(/home/leonardo/.miktex/texmfs/install/tex/latex/fancyhdr/fancyhdr.sty
Package: fancyhdr 2017/06/30 v3.9a Extensive control of page headers and footer
s
\f@nch@headwidth=\skip52
\f@nch@O@elh=\skip53
\f@nch@O@erh=\skip54
\f@nch@O@olh=\skip55
\f@nch@O@orh=\skip56
\f@nch@O@elf=\skip57
\f@nch@O@erf=\skip58
\f@nch@O@olf=\skip59
\f@nch@O@orf=\skip60
)
(/home/leonardo/.miktex/texmfs/install/tex/latex/amsfonts/eucal.sty
Package: eucal 2009/06/22 v3.00 Euler Script fonts
LaTeX Font Info:    Overwriting math alphabet `\EuScript' in version `bold'
(Font)                  U/eus/m/n --> U/eus/b/n on input line 33.
)
(/home/leonardo/.miktex/texmfs/install/tex/generic/babel/babel.sty
Package: babel 2018/09/02 3.23 The Babel package

(/home/leonardo/.miktex/texmfs/install/tex/generic/babel/switch.def
File: switch.def 2018/09/02 3.23 Babel switching mechanism
)
*************************************
* Local config file bblopts.cfg used
*
(/home/leonardo/.miktex/texmfs/install/tex/latex/arabi/bblopts.cfg
File: bblopts.cfg 2005/09/08 v0.1 add Arabic and Farsi to "declared" options of
 babel
)
(/usr/local/share/miktex-texmf/tex/latex/babel-spanish/spanish.ldf
Language: spanish.ldf 2016/03/03 v5.0p Spanish support from the babel system

(/home/leonardo/.miktex/texmfs/install/tex/generic/babel/babel.def
File: babel.def 2018/09/02 3.23 Babel common definitions
\babel@savecnt=\count116
\U@D=\dimen128

(/home/leonardo/.miktex/texmfs/install/tex/generic/babel/txtbabel.def)
\bbl@dirlevel=\count117
)

Package babel Warning: No hyphenation patterns were preloaded for
(babel)                the language `Spanish' into the format.
(babel)                Please, configure your TeX system to add them and
(babel)                rebuild the format. Now I will use the patterns
(babel)                preloaded for \language=0 instead on input line 51.

\l@spanish = a dialect from \language0
\es@quottoks=\toks25
\es@quotdepth=\count118
Package babel Info: Making " an active character on input line 561.
)) (/home/leonardo/.miktex/texmfs/install/tex/latex/float/float.sty
Package: float 2001/11/08 v1.3d Float enhancements (AL)
\c@float@type=\count119
\float@exts=\toks26
\float@box=\box32
\@float@everytoks=\toks27
\@floatcapt=\box33
)
(/home/leonardo/.miktex/texmfs/install/tex/latex/graphics/color.sty
Package: color 2016/07/10 v1.1e Standard LaTeX Color (DPC)

(/home/leonardo/.miktex/texmfs/install/tex/latex/graphics-cfg/color.cfg
File: color.cfg 2016/01/02 v1.6 sample color configuration
)
Package color Info: Driver file: pdftex.def on input line 147.

(/home/leonardo/.miktex/texmfs/install/tex/latex/graphics-def/pdftex.def
File: pdftex.def 2018/01/08 v1.0l Graphics/color driver for pdftex
))
(/home/leonardo/.miktex/texmfs/install/tex/latex/footmisc/footmisc.sty
Package: footmisc 2011/06/06 v5.5b a miscellany of footnote facilities
\FN@temptoken=\toks28
\footnotemargin=\dimen129
\c@pp@next@reset=\count120
\c@@fnserial=\count121
Package footmisc Info: Declaring symbol style bringhurst on input line 855.
Package footmisc Info: Declaring symbol style chicago on input line 863.
Package footmisc Info: Declaring symbol style wiley on input line 872.
Package footmisc Info: Declaring symbol style lamport-robust on input line 883.

Package footmisc Info: Declaring symbol style lamport* on input line 903.
Package footmisc Info: Declaring symbol style lamport*-robust on input line 924
.
)
(/home/leonardo/.miktex/texmfs/install/tex/latex/base/ifthen.sty
Package: ifthen 2014/09/29 v1.1c Standard LaTeX ifthen package (DPC)
)
(/home/leonardo/.miktex/texmfs/install/tex/latex/tools/multicol.sty
Package: multicol 2018/04/20 v1.8s multicolumn formatting (FMi)
\c@tracingmulticols=\count122
\mult@box=\box34
\multicol@leftmargin=\dimen130
\c@unbalance=\count123
\c@collectmore=\count124
\doublecol@number=\count125
\multicoltolerance=\count126
\multicolpretolerance=\count127
\full@width=\dimen131
\page@free=\dimen132
\premulticols=\dimen133
\postmulticols=\dimen134
\multicolsep=\skip61
\multicolbaselineskip=\skip62
\partial@page=\box35
\last@line=\box36
\maxbalancingoverflow=\dimen135
\mult@rightbox=\box37
\mult@grightbox=\box38
\mult@gfirstbox=\box39
\mult@firstbox=\box40
\@tempa=\box41
\@tempa=\box42
\@tempa=\box43
\@tempa=\box44
\@tempa=\box45
\@tempa=\box46
\@tempa=\box47
\@tempa=\box48
\@tempa=\box49
\@tempa=\box50
\@tempa=\box51
\@tempa=\box52
\@tempa=\box53
\@tempa=\box54
\@tempa=\box55
\@tempa=\box56
\@tempa=\box57
\c@columnbadness=\count128
\c@finalcolumnbadness=\count129
\last@try=\dimen136
\multicolovershoot=\dimen137
\multicolundershoot=\dimen138
\mult@nat@firstbox=\box58
\colbreak@box=\box59
\mc@col@check@num=\count130
)
(/home/leonardo/.miktex/texmfs/install/tex/latex/tocbibind/tocbibind.sty
Package: tocbibind 2010/10/13 v1.5k extra ToC listings
Package tocbibind Info: The document has chapter divisions on input line 50.


Package tocbibind Note: Using chapter style headings, unless overridden.

) (/home/leonardo/.miktex/texmfs/install/tex/latex/titlesec/titlesec.sty
Package: titlesec 2016/03/21 v2.10.2 Sectioning titles
\ttl@box=\box60
\beforetitleunit=\skip63
\aftertitleunit=\skip64
\ttl@plus=\dimen139
\ttl@minus=\dimen140
\ttl@toksa=\toks29
\titlewidth=\dimen141
\titlewidthlast=\dimen142
\titlewidthfirst=\dimen143
)
(/home/leonardo/.miktex/texmfs/install/tex/generic/oberdiek/ifpdf.sty
Package: ifpdf 2018/09/07 v3.3 Provides the ifpdf switch
)
(/home/leonardo/.miktex/texmfs/install/tex/latex/hyperref/hyperref.sty
Package: hyperref 2018/11/30 v6.88e Hypertext links for LaTeX

(/home/leonardo/.miktex/texmfs/install/tex/generic/oberdiek/hobsub-hyperref.sty
Package: hobsub-hyperref 2016/05/16 v1.14 Bundle oberdiek, subset hyperref (HO)

(/home/leonardo/.miktex/texmfs/install/tex/generic/oberdiek/hobsub-generic.sty
Package: hobsub-generic 2016/05/16 v1.14 Bundle oberdiek, subset generic (HO)
Package: hobsub 2016/05/16 v1.14 Construct package bundles (HO)
Package: infwarerr 2016/05/16 v1.4 Providing info/warning/error messages (HO)
Package: ltxcmds 2016/05/16 v1.23 LaTeX kernel commands for general use (HO)
Package: ifluatex 2016/05/16 v1.4 Provides the ifluatex switch (HO)
Package ifluatex Info: LuaTeX not detected.
Package: ifvtex 2016/05/16 v1.6 Detect VTeX and its facilities (HO)
Package ifvtex Info: VTeX not detected.
Package: intcalc 2016/05/16 v1.2 Expandable calculations with integers (HO)
Package hobsub Info: Skipping package `ifpdf' (already loaded).
Package: etexcmds 2016/05/16 v1.6 Avoid name clashes with e-TeX commands (HO)
Package: kvsetkeys 2016/05/16 v1.17 Key value parser (HO)
Package: kvdefinekeys 2016/05/16 v1.4 Define keys (HO)
Package: pdftexcmds 2018/09/07 v0.28 Utility functions of pdfTeX for LuaTeX (HO
)
Package pdftexcmds Info: LuaTeX not detected.
Package pdftexcmds Info: \pdf@primitive is available.
Package pdftexcmds Info: \pdf@ifprimitive is available.
Package pdftexcmds Info: \pdfdraftmode found.
Package: pdfescape 2016/05/16 v1.14 Implements pdfTeX's escape features (HO)
Package: bigintcalc 2016/05/16 v1.4 Expandable calculations on big integers (HO
)
Package: bitset 2016/05/16 v1.2 Handle bit-vector datatype (HO)
Package: uniquecounter 2016/05/16 v1.3 Provide unlimited unique counter (HO)
)
Package hobsub Info: Skipping package `hobsub' (already loaded).
Package: letltxmacro 2016/05/16 v1.5 Let assignment for LaTeX macros (HO)
Package: hopatch 2016/05/16 v1.3 Wrapper for package hooks (HO)
Package: xcolor-patch 2016/05/16 xcolor patch
Package: atveryend 2016/05/16 v1.9 Hooks at the very end of document (HO)
Package atveryend Info: \enddocument detected (standard20110627).
Package: atbegshi 2016/06/09 v1.18 At begin shipout hook (HO)
Package: refcount 2016/05/16 v3.5 Data extraction from label references (HO)
Package: hycolor 2016/05/16 v1.8 Color options for hyperref/bookmark (HO)
) (/home/leonardo/.miktex/texmfs/install/tex/generic/ifxetex/ifxetex.sty
Package: ifxetex 2010/09/12 v0.6 Provides ifxetex conditional
)
(/home/leonardo/.miktex/texmfs/install/tex/latex/oberdiek/auxhook.sty
Package: auxhook 2016/05/16 v1.4 Hooks for auxiliary files (HO)
)
(/home/leonardo/.miktex/texmfs/install/tex/latex/oberdiek/kvoptions.sty
Package: kvoptions 2016/05/16 v3.12 Key value format for package options (HO)
)
\@linkdim=\dimen144
\Hy@linkcounter=\count131
\Hy@pagecounter=\count132

(/home/leonardo/.miktex/texmfs/install/tex/latex/hyperref/pd1enc.def
File: pd1enc.def 2018/11/30 v6.88e Hyperref: PDFDocEncoding definition (HO)
Now handling font encoding PD1 ...
... no UTF-8 mapping file for font encoding PD1
)
\Hy@SavedSpaceFactor=\count133

(/home/leonardo/.miktex/texmfs/install/tex/latex/00miktex/hyperref.cfg
File: hyperref.cfg 2002/06/06 v1.2 hyperref configuration of TeXLive
)
Package hyperref Info: Option `plainpages' set `false' on input line 4393.
Package hyperref Info: Option `pdfpagelabels' set `true' on input line 4393.
Package hyperref Info: Option `bookmarks' set `true' on input line 4393.
Package hyperref Info: Option `bookmarksopen' set `true' on input line 4393.
Package hyperref Info: Option `bookmarksnumbered' set `true' on input line 4393
.
Package hyperref Info: Option `breaklinks' set `true' on input line 4393.
Package hyperref Info: Option `linktocpage' set `true' on input line 4393.
Package hyperref Info: Option `colorlinks' set `true' on input line 4393.
Package hyperref Info: Option `hyperindex' set `true' on input line 4393.
Package hyperref Info: Option `hyperfigures' set `true' on input line 4393.
Package hyperref Info: Hyper figures ON on input line 4517.
Package hyperref Info: Link nesting OFF on input line 4524.
Package hyperref Info: Hyper index ON on input line 4527.
Package hyperref Info: Plain pages OFF on input line 4534.
Package hyperref Info: Backreferencing ON on input line 4537.
Package hyperref Info: Implicit mode ON; LaTeX internals redefined.
Package hyperref Info: Bookmarks ON on input line 4772.

(/home/leonardo/.miktex/texmfs/install/tex/latex/hyperref/backref.sty
Package: backref 2016/05/21 v1.39 Bibliographical back referencing

(/home/leonardo/.miktex/texmfs/install/tex/latex/oberdiek/rerunfilecheck.sty
Package: rerunfilecheck 2016/05/16 v1.8 Rerun checks for auxiliary files (HO)
Package uniquecounter Info: New unique counter `rerunfilecheck' on input line 2
82.
))
\c@Hy@tempcnt=\count134

(/home/leonardo/.miktex/texmfs/install/tex/latex/url/url.sty
\Urlmuskip=\muskip14
Package: url 2013/09/16  ver 3.4  Verb mode for urls, etc.
)
LaTeX Info: Redefining \url on input line 5125.
\XeTeXLinkMargin=\dimen145
\Fld@menulength=\count135
\Field@Width=\dimen146
\Fld@charsize=\dimen147
Package hyperref Info: Hyper figures ON on input line 6378.
Package hyperref Info: Link nesting OFF on input line 6385.
Package hyperref Info: Hyper index ON on input line 6388.
Package hyperref Info: backreferencing ON on input line 6393.
Package hyperref Info: Link coloring ON on input line 6398.
Package hyperref Info: Link coloring with OCG OFF on input line 6405.
Package hyperref Info: PDF/A mode OFF on input line 6410.
LaTeX Info: Redefining \ref on input line 6450.
LaTeX Info: Redefining \pageref on input line 6454.
\Hy@abspage=\count136
\c@Item=\count137
\c@Hfootnote=\count138
)
Package hyperref Info: Driver: hpdftex.

(/home/leonardo/.miktex/texmfs/install/tex/latex/hyperref/hpdftex.def
File: hpdftex.def 2018/11/30 v6.88e Hyperref driver for pdfTeX
\Fld@listcount=\count139
\c@bookmark@seq@number=\count140
\Hy@SectionHShift=\skip65
)
(/home/leonardo/.miktex/texmfs/install/tex/latex/graphics/graphicx.sty
Package: graphicx 2017/06/01 v1.1a Enhanced LaTeX Graphics (DPC,SPQR)

(/home/leonardo/.miktex/texmfs/install/tex/latex/graphics/graphics.sty
Package: graphics 2017/06/25 v1.2c Standard LaTeX Graphics (DPC,SPQR)

(/home/leonardo/.miktex/texmfs/install/tex/latex/graphics/trig.sty
Package: trig 2016/01/03 v1.10 sin cos tan (DPC)
)
(/home/leonardo/.miktex/texmfs/install/tex/latex/graphics-cfg/graphics.cfg
File: graphics.cfg 2016/06/04 v1.11 sample graphics configuration
)
Package graphics Info: Driver file: pdftex.def on input line 99.
)
\Gin@req@height=\dimen148
\Gin@req@width=\dimen149
)

Package Fancyhdr Warning: \fancyhead's `E' option without twoside option is use
less on input line 219.

) (/home/leonardo/.miktex/texmfs/install/tex/latex/amscls/amsthm.sty
Package: amsthm 2017/10/31 v2.20.4
\thm@style=\toks30
\thm@bodyfont=\toks31
\thm@headfont=\toks32
\thm@notefont=\toks33
\thm@headpunct=\toks34
\thm@preskip=\skip66
\thm@postskip=\skip67
\thm@headsep=\skip68
\dth@everypar=\toks35
)
(/home/leonardo/.miktex/texmfs/install/tex/latex/siunitx/siunitx.sty
(/home/leonardo/.miktex/texmfs/install/tex/latex/l3kernel/expl3.sty
Package: expl3 2019-01-28 L3 programming layer (loader) 

(/home/leonardo/.miktex/texmfs/install/tex/latex/l3kernel/expl3-code.tex
Package: expl3 2019-01-28 L3 programming layer (code)
\c_max_int=\count141
\l_tmpa_int=\count142
\l_tmpb_int=\count143
\g_tmpa_int=\count144
\g_tmpb_int=\count145
\g__kernel_prg_map_int=\count146
\c_log_iow=\count147
\l_iow_line_count_int=\count148
\l__iow_line_target_int=\count149
\l__iow_one_indent_int=\count150
\l__iow_indent_int=\count151
\c_zero_dim=\dimen150
\c_max_dim=\dimen151
\l_tmpa_dim=\dimen152
\l_tmpb_dim=\dimen153
\g_tmpa_dim=\dimen154
\g_tmpb_dim=\dimen155
\c_zero_skip=\skip69
\c_max_skip=\skip70
\l_tmpa_skip=\skip71
\l_tmpb_skip=\skip72
\g_tmpa_skip=\skip73
\g_tmpb_skip=\skip74
\c_zero_muskip=\muskip15
\c_max_muskip=\muskip16
\l_tmpa_muskip=\muskip17
\l_tmpb_muskip=\muskip18
\g_tmpa_muskip=\muskip19
\g_tmpb_muskip=\muskip20
\l_keys_choice_int=\count152
\l__intarray_loop_int=\count153
\c__intarray_sp_dim=\dimen156
\g__intarray_font_int=\count154
\c__fp_leading_shift_int=\count155
\c__fp_middle_shift_int=\count156
\c__fp_trailing_shift_int=\count157
\c__fp_big_leading_shift_int=\count158
\c__fp_big_middle_shift_int=\count159
\c__fp_big_trailing_shift_int=\count160
\c__fp_Bigg_leading_shift_int=\count161
\c__fp_Bigg_middle_shift_int=\count162
\c__fp_Bigg_trailing_shift_int=\count163
\c__kernel_randint_max_int=\count164
\g__fp_array_int=\count165
\l__fp_array_loop_int=\count166
\l__sort_length_int=\count167
\l__sort_min_int=\count168
\l__sort_top_int=\count169
\l__sort_max_int=\count170
\l__sort_true_max_int=\count171
\l__sort_block_int=\count172
\l__sort_begin_int=\count173
\l__sort_end_int=\count174
\l__sort_A_int=\count175
\l__sort_B_int=\count176
\l__sort_C_int=\count177
\l__tl_analysis_normal_int=\count178
\l__tl_analysis_index_int=\count179
\l__tl_analysis_nesting_int=\count180
\l__tl_analysis_type_int=\count181
\l__regex_internal_a_int=\count182
\l__regex_internal_b_int=\count183
\l__regex_internal_c_int=\count184
\l__regex_balance_int=\count185
\l__regex_group_level_int=\count186
\l__regex_mode_int=\count187
\c__regex_cs_in_class_mode_int=\count188
\c__regex_cs_mode_int=\count189
\l__regex_catcodes_int=\count190
\l__regex_default_catcodes_int=\count191
\c__regex_catcode_D_int=\count192
\c__regex_catcode_S_int=\count193
\c__regex_catcode_L_int=\count194
\c__regex_catcode_O_int=\count195
\c__regex_catcode_A_int=\count196
\c__regex_all_catcodes_int=\count197
\l__regex_show_lines_int=\count198
\l__regex_min_state_int=\count199
\l__regex_max_state_int=\count266
\l__regex_left_state_int=\count267
\l__regex_right_state_int=\count268
\l__regex_capturing_group_int=\count269
\l__regex_min_pos_int=\count270
\l__regex_max_pos_int=\count271
\l__regex_curr_pos_int=\count272
\l__regex_start_pos_int=\count273
\l__regex_success_pos_int=\count274
\l__regex_curr_char_int=\count275
\l__regex_curr_catcode_int=\count276
\l__regex_last_char_int=\count277
\l__regex_case_changed_char_int=\count278
\l__regex_curr_state_int=\count279
\l__regex_step_int=\count280
\l__regex_min_active_int=\count281
\l__regex_max_active_int=\count282
\l__regex_replacement_csnames_int=\count283
\l__regex_match_count_int=\count284
\l__regex_min_submatch_int=\count285
\l__regex_submatch_int=\count286
\l__regex_zeroth_submatch_int=\count287
\g__regex_trace_regex_int=\count288
\c_empty_box=\box61
\l_tmpa_box=\box62
\l_tmpb_box=\box63
\g_tmpa_box=\box64
\g_tmpb_box=\box65
\l__box_top_dim=\dimen157
\l__box_bottom_dim=\dimen158
\l__box_left_dim=\dimen159
\l__box_right_dim=\dimen160
\l__box_top_new_dim=\dimen161
\l__box_bottom_new_dim=\dimen162
\l__box_left_new_dim=\dimen163
\l__box_right_new_dim=\dimen164
\l__box_internal_box=\box66
\l__coffin_internal_box=\box67
\l__coffin_internal_dim=\dimen165
\l__coffin_offset_x_dim=\dimen166
\l__coffin_offset_y_dim=\dimen167
\l__coffin_x_dim=\dimen168
\l__coffin_y_dim=\dimen169
\l__coffin_x_prime_dim=\dimen170
\l__coffin_y_prime_dim=\dimen171
\c_empty_coffin=\box68
\l__coffin_aligned_coffin=\box69
\l__coffin_aligned_internal_coffin=\box70
\l_tmpa_coffin=\box71
\l_tmpb_coffin=\box72
\g_tmpa_coffin=\box73
\g_tmpb_coffin=\box74
\c__coffin_empty_coffin=\box75
\l__coffin_display_coffin=\box76
\l__coffin_display_coord_coffin=\box77
\l__coffin_display_pole_coffin=\box78
\l__coffin_display_offset_dim=\dimen172
\l__coffin_display_x_dim=\dimen173
\l__coffin_display_y_dim=\dimen174
\g__file_internal_ior=\read1
\l__coffin_bounding_shift_dim=\dimen175
\l__coffin_left_corner_dim=\dimen176
\l__coffin_right_corner_dim=\dimen177
\l__coffin_bottom_corner_dim=\dimen178
\l__coffin_top_corner_dim=\dimen179
\l__coffin_scaled_total_height_dim=\dimen180
\l__coffin_scaled_width_dim=\dimen181
\l__seq_internal_a_int=\count289
\l__seq_internal_b_int=\count290
)
(/home/leonardo/.miktex/texmfs/install/tex/latex/l3kernel/l3pdfmode.def
File: l3pdfmode.def 2019-01-28 v L3 Experimental driver: PDF mode
\l__driver_color_stack_int=\count291
))
(/home/leonardo/.miktex/texmfs/install/tex/latex/l3packages/xparse/xparse.sty
Package: xparse 2018-10-17 L3 Experimental document command parser
\l__xparse_current_arg_int=\count292
\g__xparse_grabber_int=\count293
\l__xparse_m_args_int=\count294
\l__xparse_mandatory_args_int=\count295
\l__xparse_v_nesting_int=\count296
)
Package: siunitx 2018/05/17 v2.7s A comprehensive (SI) units package

(/home/leonardo/.miktex/texmfs/install/tex/latex/tools/array.sty
Package: array 2018/04/30 v2.4h Tabular extension package (FMi)
\col@sep=\dimen182
\ar@mcellbox=\box79
\extrarowheight=\dimen183
\NC@list=\toks36
\extratabsurround=\skip75
\backup@length=\skip76
\ar@cellbox=\box80
)
(/home/leonardo/.miktex/texmfs/install/tex/latex/l3packages/l3keys2e/l3keys2e.s
ty
Package: l3keys2e 2018-10-17 LaTeX2e option processing using LaTeX3 keys
)
\l__siunitx_tmp_box=\box81
\l__siunitx_tmp_dim=\dimen184
\l__siunitx_tmp_int=\count297
\l__siunitx_number_mantissa_length_int=\count298
\l__siunitx_number_uncert_length_int=\count299
\l__siunitx_round_int=\count300
\l__siunitx_process_decimal_int=\count301
\l__siunitx_process_uncertainty_int=\count302
\l__siunitx_process_fixed_int=\count303
\l__siunitx_process_integer_min_int=\count304
\l__siunitx_process_precision_int=\count305
\l__siunitx_group_min_int=\count306
\l__siunitx_angle_marker_box=\box82
\l__siunitx_angle_unit_box=\box83
\l__siunitx_angle_marker_dim=\dimen185
\l__siunitx_angle_unit_dim=\dimen186
\l__siunitx_unit_int=\count307
\l__siunitx_unit_denominator_int=\count308
\l__siunitx_unit_numerator_int=\count309
\l__siunitx_unit_prefix_int=\count310
\l__siunitx_unit_prefix_base_int=\count311
\l__siunitx_unit_prefix_gram_int=\count312
\l__siunitx_number_product_int=\count313
\c__siunitx_one_fill_skip=\skip77
\l__siunitx_table_unit_align_skip=\skip78
\l__siunitx_table_exponent_dim=\dimen187
\l__siunitx_table_integer_dim=\dimen188
\l__siunitx_table_mantissa_dim=\dimen189
\l__siunitx_table_marker_dim=\dimen190
\l__siunitx_table_result_dim=\dimen191
\l__siunitx_table_uncert_dim=\dimen192
\l__siunitx_table_fill_pre_dim=\dimen193
\l__siunitx_table_fill_post_dim=\dimen194
\l__siunitx_table_fill_mid_dim=\dimen195
\l__siunitx_table_pre_box=\box84
\l__siunitx_table_post_box=\box85
\l__siunitx_table_mantissa_box=\box86
\l__siunitx_table_result_box=\box87
\l__siunitx_table_number_align_skip=\skip79
\l__siunitx_table_text_align_skip=\skip80
 (/home/leonardo/.miktex/texmfs/install/tex/latex/translator/translator.sty
Package: translator 2018/01/04 v1.12 Easy translation of strings in LaTeX
)) (/home/leonardo/.miktex/texmfs/install/tex/latex/booktabs/booktabs.sty
Package: booktabs 2005/04/14 v1.61803 publication quality tables
\heavyrulewidth=\dimen196
\lightrulewidth=\dimen197
\cmidrulewidth=\dimen198
\belowrulesep=\dimen199
\belowbottomsep=\dimen256
\aboverulesep=\dimen257
\abovetopsep=\dimen258
\cmidrulesep=\dimen259
\cmidrulekern=\dimen260
\defaultaddspace=\dimen261
\@cmidla=\count314
\@cmidlb=\count315
\@aboverulesep=\dimen262
\@belowrulesep=\dimen263
\@thisruleclass=\count316
\@lastruleclass=\count317
\@thisrulewidth=\dimen264
)
\@input{Latex/Macros/MacroFile1.aux}
\openout2 = `Latex/Macros/MacroFile1.aux'.

(Latex/Macros/MacroFile1.tex)
\c@teorema=\count318
\c@definicion=\count319
 (/usr/share/R/share/texmf/tex/latex/Sweave.sty
Package: Sweave 

(/home/leonardo/.miktex/texmfs/install/tex/latex/fancyvrb/fancyvrb.sty
Package: fancyvrb 2008/02/07

Style option: `fancyvrb' v2.7a, with DG/SPQR fixes, and firstline=lastline fix 
<2008/02/07> (tvz)
\FV@CodeLineNo=\count320
\FV@InFile=\read2
\FV@TabBox=\box88
\c@FancyVerbLine=\count321
\FV@StepNumber=\count322
\FV@OutFile=\write3
)
(/home/leonardo/.miktex/texmfs/install/tex/latex/base/textcomp.sty
Package: textcomp 2017/04/05 v2.0i Standard LaTeX package
Package textcomp Info: Sub-encoding information:
(textcomp)               5 = only ISO-Adobe without \textcurrency
(textcomp)               4 = 5 + \texteuro
(textcomp)               3 = 4 + \textohm
(textcomp)               2 = 3 + \textestimated + \textcurrency
(textcomp)               1 = TS1 - \textcircled - \t
(textcomp)               0 = TS1 (full)
(textcomp)             Font families with sub-encoding setting implement
(textcomp)             only a restricted character set as indicated.
(textcomp)             Family '?' is the default used for unknown fonts.
(textcomp)             See the documentation for details.
Package textcomp Info: Setting ? sub-encoding to TS1/1 on input line 79.

(/home/leonardo/.miktex/texmfs/install/tex/latex/base/ts1enc.def
File: ts1enc.def 2001/06/05 v3.0e (jk/car/fm) Standard LaTeX file
Now handling font encoding TS1 ...
... processing UTF-8 mapping file for font encoding TS1

(/home/leonardo/.miktex/texmfs/install/tex/latex/base/ts1enc.dfu
File: ts1enc.dfu 2018/04/05 v1.2c UTF-8 support for inputenc
   defining Unicode char U+00A2 (decimal 162)
   defining Unicode char U+00A3 (decimal 163)
   defining Unicode char U+00A4 (decimal 164)
   defining Unicode char U+00A5 (decimal 165)
   defining Unicode char U+00A6 (decimal 166)
   defining Unicode char U+00A7 (decimal 167)
   defining Unicode char U+00A8 (decimal 168)
   defining Unicode char U+00A9 (decimal 169)
   defining Unicode char U+00AA (decimal 170)
   defining Unicode char U+00AC (decimal 172)
   defining Unicode char U+00AE (decimal 174)
   defining Unicode char U+00AF (decimal 175)
   defining Unicode char U+00B0 (decimal 176)
   defining Unicode char U+00B1 (decimal 177)
   defining Unicode char U+00B2 (decimal 178)
   defining Unicode char U+00B3 (decimal 179)
   defining Unicode char U+00B4 (decimal 180)
   defining Unicode char U+00B5 (decimal 181)
   defining Unicode char U+00B6 (decimal 182)
   defining Unicode char U+00B7 (decimal 183)
   defining Unicode char U+00B9 (decimal 185)
   defining Unicode char U+00BA (decimal 186)
   defining Unicode char U+00BC (decimal 188)
   defining Unicode char U+00BD (decimal 189)
   defining Unicode char U+00BE (decimal 190)
   defining Unicode char U+00D7 (decimal 215)
   defining Unicode char U+00F7 (decimal 247)
   defining Unicode char U+0192 (decimal 402)
   defining Unicode char U+02C7 (decimal 711)
   defining Unicode char U+02D8 (decimal 728)
   defining Unicode char U+02DD (decimal 733)
   defining Unicode char U+0E3F (decimal 3647)
   defining Unicode char U+2016 (decimal 8214)
   defining Unicode char U+2020 (decimal 8224)
   defining Unicode char U+2021 (decimal 8225)
   defining Unicode char U+2022 (decimal 8226)
   defining Unicode char U+2030 (decimal 8240)
   defining Unicode char U+2031 (decimal 8241)
   defining Unicode char U+203B (decimal 8251)
   defining Unicode char U+203D (decimal 8253)
   defining Unicode char U+2044 (decimal 8260)
   defining Unicode char U+204E (decimal 8270)
   defining Unicode char U+2052 (decimal 8274)
   defining Unicode char U+20A1 (decimal 8353)
   defining Unicode char U+20A4 (decimal 8356)
   defining Unicode char U+20A6 (decimal 8358)
   defining Unicode char U+20A9 (decimal 8361)
   defining Unicode char U+20AB (decimal 8363)
   defining Unicode char U+20AC (decimal 8364)
   defining Unicode char U+20B1 (decimal 8369)
   defining Unicode char U+2103 (decimal 8451)
   defining Unicode char U+2116 (decimal 8470)
   defining Unicode char U+2117 (decimal 8471)
   defining Unicode char U+211E (decimal 8478)
   defining Unicode char U+2120 (decimal 8480)
   defining Unicode char U+2122 (decimal 8482)
   defining Unicode char U+2126 (decimal 8486)
   defining Unicode char U+2127 (decimal 8487)
   defining Unicode char U+212E (decimal 8494)
   defining Unicode char U+2190 (decimal 8592)
   defining Unicode char U+2191 (decimal 8593)
   defining Unicode char U+2192 (decimal 8594)
   defining Unicode char U+2193 (decimal 8595)
   defining Unicode char U+2329 (decimal 9001)
   defining Unicode char U+232A (decimal 9002)
   defining Unicode char U+2422 (decimal 9250)
   defining Unicode char U+25E6 (decimal 9702)
   defining Unicode char U+25EF (decimal 9711)
   defining Unicode char U+266A (decimal 9834)
   defining Unicode char U+FEFF (decimal 65279)
))
LaTeX Info: Redefining \oldstylenums on input line 334.
Package textcomp Info: Setting cmr sub-encoding to TS1/0 on input line 349.
Package textcomp Info: Setting cmss sub-encoding to TS1/0 on input line 350.
Package textcomp Info: Setting cmtt sub-encoding to TS1/0 on input line 351.
Package textcomp Info: Setting cmvtt sub-encoding to TS1/0 on input line 352.
Package textcomp Info: Setting cmbr sub-encoding to TS1/0 on input line 353.
Package textcomp Info: Setting cmtl sub-encoding to TS1/0 on input line 354.
Package textcomp Info: Setting ccr sub-encoding to TS1/0 on input line 355.
Package textcomp Info: Setting ptm sub-encoding to TS1/4 on input line 356.
Package textcomp Info: Setting pcr sub-encoding to TS1/4 on input line 357.
Package textcomp Info: Setting phv sub-encoding to TS1/4 on input line 358.
Package textcomp Info: Setting ppl sub-encoding to TS1/3 on input line 359.
Package textcomp Info: Setting pag sub-encoding to TS1/4 on input line 360.
Package textcomp Info: Setting pbk sub-encoding to TS1/4 on input line 361.
Package textcomp Info: Setting pnc sub-encoding to TS1/4 on input line 362.
Package textcomp Info: Setting pzc sub-encoding to TS1/4 on input line 363.
Package textcomp Info: Setting bch sub-encoding to TS1/4 on input line 364.
Package textcomp Info: Setting put sub-encoding to TS1/5 on input line 365.
Package textcomp Info: Setting uag sub-encoding to TS1/5 on input line 366.
Package textcomp Info: Setting ugq sub-encoding to TS1/5 on input line 367.
Package textcomp Info: Setting ul8 sub-encoding to TS1/4 on input line 368.
Package textcomp Info: Setting ul9 sub-encoding to TS1/4 on input line 369.
Package textcomp Info: Setting augie sub-encoding to TS1/5 on input line 370.
Package textcomp Info: Setting dayrom sub-encoding to TS1/3 on input line 371.
Package textcomp Info: Setting dayroms sub-encoding to TS1/3 on input line 372.

Package textcomp Info: Setting pxr sub-encoding to TS1/0 on input line 373.
Package textcomp Info: Setting pxss sub-encoding to TS1/0 on input line 374.
Package textcomp Info: Setting pxtt sub-encoding to TS1/0 on input line 375.
Package textcomp Info: Setting txr sub-encoding to TS1/0 on input line 376.
Package textcomp Info: Setting txss sub-encoding to TS1/0 on input line 377.
Package textcomp Info: Setting txtt sub-encoding to TS1/0 on input line 378.
Package textcomp Info: Setting lmr sub-encoding to TS1/0 on input line 379.
Package textcomp Info: Setting lmdh sub-encoding to TS1/0 on input line 380.
Package textcomp Info: Setting lmss sub-encoding to TS1/0 on input line 381.
Package textcomp Info: Setting lmssq sub-encoding to TS1/0 on input line 382.
Package textcomp Info: Setting lmvtt sub-encoding to TS1/0 on input line 383.
Package textcomp Info: Setting lmtt sub-encoding to TS1/0 on input line 384.
Package textcomp Info: Setting qhv sub-encoding to TS1/0 on input line 385.
Package textcomp Info: Setting qag sub-encoding to TS1/0 on input line 386.
Package textcomp Info: Setting qbk sub-encoding to TS1/0 on input line 387.
Package textcomp Info: Setting qcr sub-encoding to TS1/0 on input line 388.
Package textcomp Info: Setting qcs sub-encoding to TS1/0 on input line 389.
Package textcomp Info: Setting qpl sub-encoding to TS1/0 on input line 390.
Package textcomp Info: Setting qtm sub-encoding to TS1/0 on input line 391.
Package textcomp Info: Setting qzc sub-encoding to TS1/0 on input line 392.
Package textcomp Info: Setting qhvc sub-encoding to TS1/0 on input line 393.
Package textcomp Info: Setting futs sub-encoding to TS1/4 on input line 394.
Package textcomp Info: Setting futx sub-encoding to TS1/4 on input line 395.
Package textcomp Info: Setting futj sub-encoding to TS1/4 on input line 396.
Package textcomp Info: Setting hlh sub-encoding to TS1/3 on input line 397.
Package textcomp Info: Setting hls sub-encoding to TS1/3 on input line 398.
Package textcomp Info: Setting hlst sub-encoding to TS1/3 on input line 399.
Package textcomp Info: Setting hlct sub-encoding to TS1/5 on input line 400.
Package textcomp Info: Setting hlx sub-encoding to TS1/5 on input line 401.
Package textcomp Info: Setting hlce sub-encoding to TS1/5 on input line 402.
Package textcomp Info: Setting hlcn sub-encoding to TS1/5 on input line 403.
Package textcomp Info: Setting hlcw sub-encoding to TS1/5 on input line 404.
Package textcomp Info: Setting hlcf sub-encoding to TS1/5 on input line 405.
Package textcomp Info: Setting pplx sub-encoding to TS1/3 on input line 406.
Package textcomp Info: Setting pplj sub-encoding to TS1/3 on input line 407.
Package textcomp Info: Setting ptmx sub-encoding to TS1/4 on input line 408.
Package textcomp Info: Setting ptmj sub-encoding to TS1/4 on input line 409.
)
(/home/leonardo/.miktex/texmfs/install/tex/latex/base/fontenc.sty
Package: fontenc 2017/04/05 v2.0i Standard LaTeX package

(/home/leonardo/.miktex/texmfs/install/tex/latex/base/t1enc.def
File: t1enc.def 2017/04/05 v2.0i Standard LaTeX file
LaTeX Font Info:    Redeclaring font encoding T1 on input line 48.
))
(/home/leonardo/.miktex/texmfs/install/tex/latex/ae/ae.sty
Package: ae 2001/02/12 1.3 Almost European Computer Modern

(/home/leonardo/.miktex/texmfs/install/tex/latex/base/fontenc.sty
Package: fontenc 2017/04/05 v2.0i Standard LaTeX package

(/home/leonardo/.miktex/texmfs/install/tex/latex/base/t1enc.def
File: t1enc.def 2017/04/05 v2.0i Standard LaTeX file
LaTeX Font Info:    Redeclaring font encoding T1 on input line 48.
)
LaTeX Font Info:    Try loading font information for T1+aer on input line 105.

(/home/leonardo/.miktex/texmfs/install/tex/latex/ae/t1aer.fd
File: t1aer.fd 1997/11/16 Font definitions for T1/aer.
)))) (main.aux
LaTeX Info: Redefining \. on input line 21.
LaTeX Info: Redefining \% on input line 21.
)
\openout1 = `main.aux'.

LaTeX Font Info:    Checking defaults for OML/cmm/m/it on input line 66.
LaTeX Font Info:    ... okay on input line 66.
LaTeX Font Info:    Checking defaults for T1/cmr/m/n on input line 66.
LaTeX Font Info:    ... okay on input line 66.
LaTeX Font Info:    Checking defaults for OT1/cmr/m/n on input line 66.
LaTeX Font Info:    ... okay on input line 66.
LaTeX Font Info:    Checking defaults for OMS/cmsy/m/n on input line 66.
LaTeX Font Info:    ... okay on input line 66.
LaTeX Font Info:    Checking defaults for OMX/cmex/m/n on input line 66.
LaTeX Font Info:    ... okay on input line 66.
LaTeX Font Info:    Checking defaults for U/cmr/m/n on input line 66.
LaTeX Font Info:    ... okay on input line 66.
LaTeX Font Info:    Checking defaults for PD1/pdf/m/n on input line 66.
LaTeX Font Info:    ... okay on input line 66.
LaTeX Font Info:    Checking defaults for TS1/cmr/m/n on input line 66.
LaTeX Font Info:    Try loading font information for TS1+cmr on input line 66.

(/home/leonardo/.miktex/texmfs/install/tex/latex/base/ts1cmr.fd
File: ts1cmr.fd 2014/09/29 v2.5h Standard LaTeX font definitions
)
LaTeX Font Info:    ... okay on input line 66.
\c@lstlisting=\count323
Package caption Info: Begin \AtBeginDocument code.
Package caption Info: float package is loaded.
Package caption Info: hyperref package is loaded.
Package caption Info: subfigure package is loaded.
Package caption Info: End \AtBeginDocument code.
LaTeX Info: Redefining \. on input line 66.
LaTeX Info: Redefining \% on input line 66.

(/home/leonardo/.miktex/texmfs/install/tex/context/base/supp-pdf.mkii
[Loading MPS to PDF converter (version 2006.09.02).]
\scratchcounter=\count324
\scratchdimen=\dimen265
\scratchbox=\box89
\nofMPsegments=\count325
\nofMParguments=\count326
\everyMPshowfont=\toks37
\MPscratchCnt=\count327
\MPscratchDim=\dimen266
\MPnumerator=\count328
\makeMPintoPDFobject=\count329
\everyMPtoPDFconversion=\toks38
) (/home/leonardo/.miktex/texmfs/install/tex/latex/oberdiek/epstopdf-base.sty
Package: epstopdf-base 2016/05/15 v2.6 Base part for package epstopdf

(/home/leonardo/.miktex/texmfs/install/tex/latex/oberdiek/grfext.sty
Package: grfext 2016/05/16 v1.2 Manage graphics extensions (HO)
)
Package epstopdf-base Info: Redefining graphics rule for `.eps' on input line 4
38.
Package grfext Info: Graphics extension search list:
(grfext)             [.png,.jpg,.pdf,.eps]
(grfext)             \AppendGraphicsExtensions on input line 456.
)
\AtBeginShipoutBox=\box90
Package hyperref Info: Link coloring ON on input line 66.

(/home/leonardo/.miktex/texmfs/install/tex/latex/hyperref/nameref.sty
Package: nameref 2016/05/21 v2.44 Cross-referencing by name of section

(/home/leonardo/.miktex/texmfs/install/tex/generic/oberdiek/gettitlestring.sty
Package: gettitlestring 2016/05/16 v1.5 Cleanup title references (HO)
)
\c@section@level=\count330
)
LaTeX Info: Redefining \ref on input line 66.
LaTeX Info: Redefining \pageref on input line 66.
LaTeX Info: Redefining \nameref on input line 66.
 (main.out) (main.out)
\@outlinefile=\write4
\openout4 = `main.out'.


(/home/leonardo/.miktex/texmfs/install/tex/latex/translator/translator-basic-di
ctionary-English.dict
Dictionary: translator-basic-dictionary, Language: English 
)
(/home/leonardo/.miktex/texmfs/install/tex/latex/siunitx/siunitx-abbreviations.
cfg
File: siunitx-abbreviations.cfg 2017/11/26 v2.7k siunitx: Abbreviated units
)
LaTeX Font Info:    Try loading font information for U+msa on input line 66.
 (/home/leonardo/.miktex/texmfs/install/tex/latex/amsfonts/umsa.fd
File: umsa.fd 2013/01/14 v3.01 AMS symbols A
)
LaTeX Font Info:    Try loading font information for U+msb on input line 66.

(/home/leonardo/.miktex/texmfs/install/tex/latex/amsfonts/umsb.fd
File: umsb.fd 2013/01/14 v3.01 AMS symbols B
)
LaTeX Font Info:    Try loading font information for U+rsfs on input line 66.

(/home/leonardo/.miktex/texmfs/install/tex/latex/jknappen/ursfs.fd
File: ursfs.fd 1998/03/24 rsfs font definition file (jk)
)
(main-concordance.tex)
<Latex/Classes/Escudos/ucvlogo.jpg, id=227, 676.02562pt x 668.4975pt>
File: Latex/Classes/Escudos/ucvlogo.jpg Graphic file (type jpg)
<use Latex/Classes/Escudos/ucvlogo.jpg>
Package pdftex.def Info: Latex/Classes/Escudos/ucvlogo.jpg  used on input line 
69.
(pdftex.def)             Requested size: 68.27701pt x 85.35725pt.
<images/faces.png, id=228, 346.29375pt x 200.75pt>
File: images/faces.png Graphic file (type png)
<use images/faces.png>
Package pdftex.def Info: images/faces.png  used on input line 69.
(pdftex.def)             Requested size: 68.28526pt x 73.9792pt.

Overfull \vbox (266.69472pt too high) detected at line 69
 []


Overfull \vbox (202.85153pt too high) detected at line 69
 []

[1



\FN@pp@footnotehinttrue 

{/home/leonardo/.miktex/texmfs/data/pdftex/config/pdftex.map} <./Latex/Classes/
Escudos/ucvlogo.jpg> <./images/faces.png>] [1

] (main.toc
LaTeX Info: Redefining \. on input line 1.
LaTeX Info: Redefining \% on input line 1.
 [2

]
LaTeX Info: Redefining \. on input line 57.
LaTeX Info: Redefining \% on input line 57.
 [3])
\tf@toc=\write5
\openout5 = `main.toc'.

LaTeX Info: Redefining \. on input line 92.
LaTeX Info: Redefining \% on input line 92.
 [4] (main.lof
LaTeX Info: Redefining \. on input line 1.
LaTeX Info: Redefining \% on input line 1.

Overfull \hbox (7.30101pt too wide) in paragraph at lines 16--16
 [][] []\T1/aer/m/n/10 Autovalores y Porcentaje de contribución para los 10 com
ponentes más importantes 
 []

[5

])
\tf@lof=\write6
\openout6 = `main.lof'.

LaTeX Info: Redefining \. on input line 93.
LaTeX Info: Redefining \% on input line 93.
 [6] (main.lot
LaTeX Info: Redefining \. on input line 1.
LaTeX Info: Redefining \% on input line 1.
)
\tf@lot=\write7
\openout7 = `main.lot'.

 [7

]
Overfull \hbox (3.98994pt too wide) in paragraph at lines 104--105
[]\T1/aer/m/n/10 El trading era hasta hace pocos años una actividad donde solo 
participaban instituciones
 []


Overfull \hbox (1.63684pt too wide) in paragraph at lines 110--111
\T1/aer/m/n/10 específicamente, una regresión logística. Se intenta contrarrest
ar la debilidad de asumir linealidad
 []


Overfull \hbox (4.94972pt too wide) in paragraph at lines 114--115
\T1/aer/m/n/10 definidos para la elaboración de la investigación y se argumenta
 la justificación para su realización.
 []

LaTeX Font Info:    Try loading font information for T1+aett on input line 116.

(/home/leonardo/.miktex/texmfs/install/tex/latex/ae/t1aett.fd
File: t1aett.fd 1997/11/16 Font definitions for T1/aett.
) [8

]
Cap\'{\i }tulo 1.
[9

]
Overfull \hbox (16.2996pt too wide) in paragraph at lines 147--148
[]\T1/aer/m/n/10 Identificar las observaciones en las que se alcance un precio 
objetivo en un tiempo determinado. 
 []

LaTeX Info: Redefining \. on input line 148.
LaTeX Info: Redefining \% on input line 148.
[10]
Overfull \hbox (3.74028pt too wide) in paragraph at lines 158--159
[]\T1/aer/m/n/10 La especulación en el mercado bursátil contribuye a que los fo
ndos de inversión controlen
 []


Overfull \hbox (13.5803pt too wide) in paragraph at lines 158--159
\T1/aer/m/n/10 contribuyen también a la formación correcta del precio de los ac
tivos, que de no existir especuladores
 []

LaTeX Info: Redefining \. on input line 166.
LaTeX Info: Redefining \% on input line 166.
[11]
Cap\'{\i }tulo 2.

Overfull \hbox (1.83768pt too wide) in paragraph at lines 172--173
\T1/aer/m/n/10 Relative Strength Index-, así como algunas asociaciones establec
idas manualmente. Consideraron
 []


Overfull \hbox (8.7453pt too wide) in paragraph at lines 172--173
\T1/aer/m/n/10 cuatro algoritmos: Regresión Logística, Redes Neuronales, Gradie
nt Boosting y Bosques aleatorios.
 []


Overfull \hbox (34.94588pt too wide) in paragraph at lines 174--174
|[]\T1/aer/bx/n/12 Un enfoque de aprendizaje automático para el comercio automa
tizado| 
 []


Overfull \hbox (24.51563pt too wide) in paragraph at lines 180--181
\T1/aer/m/n/10 automático. Por un lado aplica modelos ARIMA y métodos de automa
tización para su implementación
 []

[12

]
LaTeX Info: Redefining \. on input line 198.
LaTeX Info: Redefining \% on input line 198.
 [13]
Overfull \hbox (3.06958pt too wide) in paragraph at lines 211--212
[]\T1/aer/m/n/10 El FTSE -Financial Times Stock Exchange- 100 es un índice que 
sigue las 100 compañías
 []

LaTeX Info: Redefining \. on input line 217.
LaTeX Info: Redefining \% on input line 217.
[14]
Overfull \hbox (5.88109pt too wide) in paragraph at lines 227--227
[]\T1/aer/m/n/10 Primero, el mercado eficiente requiere un gran número de compe
tidores buscando maximizar
 []


Overfull \hbox (10.64119pt too wide) in paragraph at lines 233--234
[]\T1/aer/m/n/10 Aunque esta hipótesis es la piedra angular de la teoría financ
iera moderna, es controversial
 []

LaTeX Info: Redefining \. on input line 236.
LaTeX Info: Redefining \% on input line 236.
[15]
Overfull \hbox (12.90096pt too wide) in paragraph at lines 239--240
[]\T1/aer/m/n/10 Algunos académicos como Hong y Stein's (1999) categorizan a lo
s inversores en informados
 []

LaTeX Info: Redefining \. on input line 260.
LaTeX Info: Redefining \% on input line 260.
[16]
Overfull \hbox (26.5861pt too wide) detected at line 276
\OML/cmm/m/it/10 MACD[] \OT1/cmr/m/n/10 = \OML/cmm/m/it/10 EMA[]\OT1/cmr/m/n/10
 (\OML/cmm/m/it/10 Pcierre\OT1/cmr/m/n/10 ) \OMS/cmsy/m/n/10   \OML/cmm/m/it/10
 EMA[]\OT1/cmr/m/n/10 (\OML/cmm/m/it/10 Pcierre\OT1/cmr/m/n/10 ) \OML/cmm/m/it/
10 Signal Line[] \OT1/cmr/m/n/10 = \OML/cmm/m/it/10 EMA[]\OT1/cmr/m/n/10 (\OML/
cmm/m/it/10 MACD[]\OT1/cmr/m/n/10 )
 []


Overfull \hbox (9.95172pt too wide) detected at line 281
\OML/cmm/m/it/10 ATR[] \OT1/cmr/m/n/10 = \OML/cmm/m/it/10 EMA[]\OT1/cmr/m/n/10 
(\OML/cmm/m/it/10 TR[]\OT1/cmr/m/n/10 ) \OML/cmm/m/it/10 TR[] \OT1/cmr/m/n/10 =
 \OML/cmm/m/it/10 Max \OT1/cmr/m/n/10 (\OML/cmm/m/it/10 Pmax \OMS/cmsy/m/n/10  
 \OML/cmm/m/it/10 Pmin; \OMS/cmsy/m/n/10 j\OML/cmm/m/it/10 Pmax \OMS/cmsy/m/n/1
0   \OML/cmm/m/it/10 Pc[]\OMS/cmsy/m/n/10 j\OML/cmm/m/it/10 ; \OMS/cmsy/m/n/10 
j\OML/cmm/m/it/10 Pmin \OMS/cmsy/m/n/10   \OML/cmm/m/it/10 Pc[]\OMS/cmsy/m/n/10
 j\OT1/cmr/m/n/10 )
 []


Overfull \hbox (50.25182pt too wide) detected at line 290
\OML/cmm/m/it/10 BandaSuperior[] \OT1/cmr/m/n/10 = \OML/cmm/m/it/10 EMA[]\OT1/c
mr/m/n/10 (\OML/cmm/m/it/10 Pcierre\OT1/cmr/m/n/10 ) + 2\OML/cmm/m/it/10 ; \OT1
/cmr/m/n/10 5\OML/cmm/m/it/10  BandaInferior[] \OT1/cmr/m/n/10 = \OML/cmm/m/it
/10 EMA[]\OT1/cmr/m/n/10 (\OML/cmm/m/it/10 Pcierre\OT1/cmr/m/n/10 ) \OMS/cmsy/m
/n/10   \OT1/cmr/m/n/10 2\OML/cmm/m/it/10 ; \OT1/cmr/m/n/10 5\OML/cmm/m/it/10 

 []

LaTeX Info: Redefining \. on input line 297.
LaTeX Info: Redefining \% on input line 297.
[17]
LaTeX Info: Redefining \. on input line 319.
LaTeX Info: Redefining \% on input line 319.
 [18]
Overfull \hbox (10.38643pt too wide) in paragraph at lines 324--325
\T1/aer/m/n/10 categóricas-. Las cuantitativas toman valores numéricos mientras
 que las cualitativas son categorías
 []

LaTeX Info: Redefining \. on input line 338.
LaTeX Info: Redefining \% on input line 338.
[19]
Overfull \hbox (17.38034pt too wide) in paragraph at lines 364--365
[]\T1/aer/m/n/10 Éste problema de maximización se soluciona mediante la descomp
osición de los autovalores.
 []

LaTeX Info: Redefining \. on input line 366.
LaTeX Info: Redefining \% on input line 366.
[20]
<images/confusion_matrix.png, id=454, 324.21124pt x 156.585pt>
File: images/confusion_matrix.png Graphic file (type png)
<use images/confusion_matrix.png>
Package pdftex.def Info: images/confusion_matrix.png  used on input line 384.
(pdftex.def)             Requested size: 180.67499pt x 87.2617pt.
LaTeX Info: Redefining \. on input line 398.
LaTeX Info: Redefining \% on input line 398.
 [21 <./images/confusion_matrix.png>]
LaTeX Info: Redefining \. on input line 422.
LaTeX Info: Redefining \% on input line 422.
 [22]
<main-001.pdf, id=468, 433.62pt x 433.62pt>
File: main-001.pdf Graphic file (type pdf)
<use main-001.pdf>
Package pdftex.def Info: main-001.pdf  used on input line 426.
(pdftex.def)             Requested size: 330.07071pt x 288.81021pt.
LaTeX Info: Redefining \. on input line 440.
LaTeX Info: Redefining \% on input line 440.
 [23 <./main-001.pdf>]
Overfull \hbox (2.083pt too wide) in paragraph at lines 443--444
[]\T1/aer/m/n/10 Revisión de supervisores: busca que los reguladores supervisen
 que las entidades mantengan
 []

LaTeX Info: Redefining \. on input line 457.
LaTeX Info: Redefining \% on input line 457.
[24]
Cap\'{\i }tulo 3.

Overfull \hbox (3.69002pt too wide) in paragraph at lines 463--464
[]\T1/aer/m/n/10 Para definir el tipo de investigación a realizar se establece 
como referencia la clasificación
 []

[25

]
Overfull \hbox (1.89119pt too wide) in paragraph at lines 484--485
[]\T1/aer/m/n/10 Los datos fueron extraídos del portal www.investing.com, uno d
e los portales financieros
 []

! Missing delimiter (. inserted).
<to be read again> 
                   $
l.502 $
       $
I was expecting to see something like `(' or `\{' or
`\}' here. If you typed, e.g., `{' instead of `\{', you
should probably delete the `{' by typing `1' now, so that
braces don't get unbalanced. Otherwise just proceed.
Acceptable delimiters are characters whose \delcode is
nonnegative, or you can use `\delimiter <delimiter code>'.


Overfull \hbox (7.79889pt too wide) in paragraph at lines 504--505
[]\T1/aer/m/n/10 Dado los datos OHLC del activo es posible identificar los perí
odos en donde se materializa
 []

LaTeX Info: Redefining \. on input line 507.
LaTeX Info: Redefining \% on input line 507.
[26]
LaTeX Info: Redefining \. on input line 530.
LaTeX Info: Redefining \% on input line 530.
 [27]
<images/walkforward_plot.jpg, id=497, 963.6pt x 722.7pt>
File: images/walkforward_plot.jpg Graphic file (type jpg)
<use images/walkforward_plot.jpg>
Package pdftex.def Info: images/walkforward_plot.jpg  used on input line 541.
(pdftex.def)             Requested size: 216.80064pt x 216.81166pt.
<main-003.pdf, id=498, 433.62pt x 433.62pt>
File: main-003.pdf Graphic file (type pdf)
<use main-003.pdf>
Package pdftex.def Info: main-003.pdf  used on input line 555.
(pdftex.def)             Requested size: 330.05322pt x 330.07071pt.
LaTeX Info: Redefining \. on input line 559.
LaTeX Info: Redefining \% on input line 559.
 [28]
LaTeX Info: Redefining \. on input line 560.
LaTeX Info: Redefining \% on input line 560.
 [29 <./images/walkforward_plot.jpg>]
LaTeX Info: Redefining \. on input line 572.
LaTeX Info: Redefining \% on input line 572.
 [30 <./main-003.pdf>]
Overfull \hbox (6.83856pt too wide) in paragraph at lines 609--610
\T1/aer/m/n/10 PCR es utilizado para extraer la información más importante de u
na matríz de datos multivariante
 []


Overfull \hbox (0.83975pt too wide) in paragraph at lines 611--612
[]\T1/aer/m/n/10 Por su parte el modelo propuesto utiliza las interacciones ent
re las variables predictoras,
 []

LaTeX Info: Redefining \. on input line 616.
LaTeX Info: Redefining \% on input line 616.
[31]
! Missing delimiter (. inserted).
<to be read again> 
                   $
l.627 $
       $
I was expecting to see something like `(' or `\{' or
`\}' here. If you typed, e.g., `{' instead of `\{', you
should probably delete the `{' by typing `1' now, so that
braces don't get unbalanced. Otherwise just proceed.
Acceptable delimiters are characters whose \delcode is
nonnegative, or you can use `\delimiter <delimiter code>'.

LaTeX Info: Redefining \. on input line 653.
LaTeX Info: Redefining \% on input line 653.
[32]
Cap\'{\i }tulo 4.

Overfull \hbox (8.88895pt too wide) in paragraph at lines 666--667
[]\T1/aer/m/n/10 Las curvas del S&P y NASDAQ son muy parecidas ya que ambas rep
resentan cotizaciones
 []

<main-005.pdf, id=525, 433.62pt x 433.62pt>
File: main-005.pdf Graphic file (type pdf)
<use main-005.pdf>
Package pdftex.def Info: main-005.pdf  used on input line 672.
(pdftex.def)             Requested size: 330.05322pt x 330.07071pt.
[33

]
Overfull \hbox (10.206pt too wide) in paragraph at lines 679--680
\T1/aer/m/n/10 especialmente en China. Esto afecta los mercados europeos dado q
ue este es el principal consumidor
 []

LaTeX Info: Redefining \. on input line 682.
LaTeX Info: Redefining \% on input line 682.
[34 <./main-005.pdf>]
<main-006.pdf, id=539, 433.62pt x 433.62pt>
File: main-006.pdf Graphic file (type pdf)
<use main-006.pdf>
Package pdftex.def Info: main-006.pdf  used on input line 690.
(pdftex.def)             Requested size: 247.54149pt x 247.5431pt.
<main-007.pdf, id=540, 433.62pt x 433.62pt>
File: main-007.pdf Graphic file (type pdf)
<use main-007.pdf>
Package pdftex.def Info: main-007.pdf  used on input line 698.
(pdftex.def)             Requested size: 247.54149pt x 247.5431pt.
LaTeX Info: Redefining \. on input line 702.
LaTeX Info: Redefining \% on input line 702.
 [35 <./main-006.pdf>]
Overfull \hbox (1.48952pt too wide) in paragraph at lines 703--704
[]\T1/aer/m/n/10 A continuación se presentan una serie de gráficos para refleja
r lo anteriormente expuesto
 []

<main-009.pdf, id=551, 433.62pt x 433.62pt>
File: main-009.pdf Graphic file (type pdf)
<use main-009.pdf>
Package pdftex.def Info: main-009.pdf  used on input line 708.
(pdftex.def)             Requested size: 330.05322pt x 330.07071pt.
LaTeX Info: Redefining \. on input line 712.
LaTeX Info: Redefining \% on input line 712.
[36 <./main-007.pdf>]
<main-010.pdf, id=563, 433.62pt x 433.62pt>
File: main-010.pdf Graphic file (type pdf)
<use main-010.pdf>
Package pdftex.def Info: main-010.pdf  used on input line 719.
(pdftex.def)             Requested size: 330.05322pt x 330.07071pt.
LaTeX Info: Redefining \. on input line 723.
LaTeX Info: Redefining \% on input line 723.
 [37 <./main-009.pdf>]
Overfull \hbox (2.37926pt too wide) in paragraph at lines 726--727
[]\T1/aer/m/n/10 La distibucion de la variable RSI es asimétrica hacia la izqui
erda con la mayor frecuencia
 []

<main-011.pdf, id=573, 433.62pt x 433.62pt>
File: main-011.pdf Graphic file (type pdf)
<use main-011.pdf>
Package pdftex.def Info: main-011.pdf  used on input line 730.
(pdftex.def)             Requested size: 330.05322pt x 330.07071pt.
LaTeX Info: Redefining \. on input line 734.
LaTeX Info: Redefining \% on input line 734.
[38 <./main-010.pdf>]
LaTeX Info: Redefining \. on input line 740.
LaTeX Info: Redefining \% on input line 740.
 [39 <./main-011.pdf>]
<main-013.pdf, id=593, 433.62pt x 433.62pt>
File: main-013.pdf Graphic file (type pdf)
<use main-013.pdf>
Package pdftex.def Info: main-013.pdf  used on input line 747.
(pdftex.def)             Requested size: 330.05322pt x 330.07071pt.
LaTeX Info: Redefining \. on input line 755.
LaTeX Info: Redefining \% on input line 755.
 [40 <./main-013.pdf>]
Overfull \hbox (4.46025pt too wide) in paragraph at lines 756--757
[]\T1/aer/m/n/10 La contribución de las variables representan la variabilidad c
ontenida en un componente.
 []

<main-014.pdf, id=603, 433.62pt x 433.62pt>
File: main-014.pdf Graphic file (type pdf)
<use main-014.pdf>
Package pdftex.def Info: main-014.pdf  used on input line 761.
(pdftex.def)             Requested size: 330.05322pt x 330.07071pt.

LaTeX Warning: Command \textdegree invalid in math mode on input line 766.

LaTeX Font Info:    Try loading font information for TS1+aer on input line 766.

(/usr/share/R/share/texmf/tex/latex/ts1aer.fd
File: ts1aer.fd 
)
LaTeX Font Info:    Font shape `TS1/aer/m/n' in size <10> not available
(Font)              Font shape `TS1/cmr/m/n' tried instead on input line 766.


LaTeX Warning: Command \textdegree invalid in math mode on input line 766.

Missing character: There is no ° in font cmr7!
LaTeX Info: Redefining \. on input line 767.
LaTeX Info: Redefining \% on input line 767.
[41 <./main-014.pdf>]
<main-015.pdf, id=613, 433.62pt x 433.62pt>
File: main-015.pdf Graphic file (type pdf)
<use main-015.pdf>
Package pdftex.def Info: main-015.pdf  used on input line 773.
(pdftex.def)             Requested size: 330.05322pt x 330.07071pt.
LaTeX Info: Redefining \. on input line 783.
LaTeX Info: Redefining \% on input line 783.
 [42 <./main-015.pdf>]
<main-016.pdf, id=626, 433.62pt x 433.62pt>
File: main-016.pdf Graphic file (type pdf)
<use main-016.pdf>
Package pdftex.def Info: main-016.pdf  used on input line 789.
(pdftex.def)             Requested size: 330.05322pt x 330.07071pt.

Overfull \hbox (6.29608pt too wide) in paragraph at lines 794--795
\T1/aer/m/n/10 inferior derecho los indicadores predominantes son los rezagos. 
Se podría resumir que un cuadrante
 []

LaTeX Info: Redefining \. on input line 797.
LaTeX Info: Redefining \% on input line 797.
[43 <./main-016.pdf>]
Overfull \hbox (0.1198pt too wide) in paragraph at lines 798--799
[]\T1/aer/m/n/10 Se podría resumir que el cuadrante superior derecho esta repre
sentado por interacciones
 []

<main-018.pdf, id=638, 433.62pt x 433.62pt>
File: main-018.pdf Graphic file (type pdf)
<use main-018.pdf>
Package pdftex.def Info: main-018.pdf  used on input line 804.
(pdftex.def)             Requested size: 330.05322pt x 330.07071pt.
LaTeX Info: Redefining \. on input line 824.
LaTeX Info: Redefining \% on input line 824.
[44 <./main-018.pdf>]

Package caption Warning: The option `hypcap=true' will be ignored for this
(caption)                particular \caption on input line 857.
See the caption package documentation for explanation.

LaTeX Info: Redefining \. on input line 891.
LaTeX Info: Redefining \% on input line 891.
[45]
Overfull \hbox (3.49014pt too wide) in paragraph at lines 958--959
\T1/aer/m/n/10 OtrasInter.Neg-Macd.Rezago.Pos influye negativamente en la varia
ble dependiente caso contrario
 []

<main-026.pdf, id=654, 433.62pt x 433.62pt>
File: main-026.pdf Graphic file (type pdf)
<use main-026.pdf>
Package pdftex.def Info: main-026.pdf  used on input line 964.
(pdftex.def)             Requested size: 206.28261pt x 206.28261pt.
LaTeX Info: Redefining \. on input line 968.
LaTeX Info: Redefining \% on input line 968.
[46]

Package caption Warning: The option `hypcap=true' will be ignored for this
(caption)                particular \caption on input line 975.
See the caption package documentation for explanation.

LaTeX Info: Redefining \. on input line 994.
LaTeX Info: Redefining \% on input line 994.
[47 <./main-026.pdf>]
<main-030.pdf, id=672, 433.62pt x 433.62pt>
File: main-030.pdf Graphic file (type pdf)
<use main-030.pdf>
Package pdftex.def Info: main-030.pdf  used on input line 1003.
(pdftex.def)             Requested size: 330.07071pt x 288.81021pt.
LaTeX Info: Redefining \. on input line 1009.
LaTeX Info: Redefining \% on input line 1009.
 [48 <./main-030.pdf>]
<main-032.pdf, id=683, 433.62pt x 433.62pt>
File: main-032.pdf Graphic file (type pdf)
<use main-032.pdf>
Package pdftex.def Info: main-032.pdf  used on input line 1014.
(pdftex.def)             Requested size: 412.56496pt x 412.58508pt.
LaTeX Info: Redefining \. on input line 1021.
LaTeX Info: Redefining \% on input line 1021.
 [49 <./main-032.pdf>]

Package caption Warning: The option `hypcap=true' will be ignored for this
(caption)                particular \caption on input line 1027.
See the caption package documentation for explanation.


Package caption Warning: The option `hypcap=true' will be ignored for this
(caption)                particular \caption on input line 1070.
See the caption package documentation for explanation.

LaTeX Info: Redefining \. on input line 1070.
LaTeX Info: Redefining \% on input line 1070.
[50]
LaTeX Info: Redefining \. on input line 1091.
LaTeX Info: Redefining \% on input line 1091.
 [51]

Package caption Warning: The option `hypcap=true' will be ignored for this
(caption)                particular \caption on input line 1093.
See the caption package documentation for explanation.

LaTeX Info: Redefining \. on input line 1112.
LaTeX Info: Redefining \% on input line 1112.
[52]
Overfull \hbox (8.8596pt too wide) in paragraph at lines 1119--1120
\T1/aer/m/n/10 uno de los grupos está dominado por las interacciones del MACD, 
y el segundo por las interacciones
 []

[53

]
LaTeX Info: Redefining \. on input line 1136.
LaTeX Info: Redefining \% on input line 1136.
 [54]
Cap\'{\i }tulo 5.

Package caption Warning: The option `hypcap=true' will be ignored for this
(caption)                particular \caption on input line 1141.
See the caption package documentation for explanation.

[55

]
LaTeX Info: Redefining \. on input line 1228.
LaTeX Info: Redefining \% on input line 1228.
 [56]

Package caption Warning: The option `hypcap=true' will be ignored for this
(caption)                particular \caption on input line 1231.
See the caption package documentation for explanation.

LaTeX Info: Redefining \. on input line 1282.
LaTeX Info: Redefining \% on input line 1282.
[57]
LaTeX Info: Redefining \. on input line 1318.
LaTeX Info: Redefining \% on input line 1318.
 [58]

Package caption Warning: The option `hypcap=true' will be ignored for this
(caption)                particular \caption on input line 1321.
See the caption package documentation for explanation.

LaTeX Info: Redefining \. on input line 1372.
LaTeX Info: Redefining \% on input line 1372.
[59]
LaTeX Info: Redefining \. on input line 1408.
LaTeX Info: Redefining \% on input line 1408.
 [60]

Package caption Warning: The option `hypcap=true' will be ignored for this
(caption)                particular \caption on input line 1411.
See the caption package documentation for explanation.

LaTeX Info: Redefining \. on input line 1463.
LaTeX Info: Redefining \% on input line 1463.
[61]
LaTeX Info: Redefining \. on input line 1502.
LaTeX Info: Redefining \% on input line 1502.
 [62]
Overfull \hbox (2.40048pt too wide) in paragraph at lines 1523--1524
[]\T1/aer/m/n/10 Fernández, C. (2008). \T1/aer/m/it/10 Modelos Ocultos de Marko
v Aplicados al Reconocimiento de Patrones
 []


Overfull \hbox (2.05943pt too wide) in paragraph at lines 1525--1526
[]\T1/aer/m/n/10 Froot, K., Scharfstein, S. & Stein, J. (1992), \T1/aer/m/it/10
 Herd on the Street: Informational Inefficiencies
 []


Overfull \hbox (24.15965pt too wide) in paragraph at lines 1527--1528
[]\T1/aer/m/n/10 González, L. (2002). \T1/aer/m/it/10 Análisis Financiero del P
ortafolio Mercantil de Inversión de MERINVEST.
 []


Overfull \hbox (38.01183pt too wide) in paragraph at lines 1533--1534
[]\T1/aer/m/n/10 Investopedia. (1999-2019). \T1/aer/m/it/10 Diccionario de Térm
inos\T1/aer/m/n/10 . New York, NY. http://www.investopedia.com 
 []

[63

]
Overfull \hbox (23.50262pt too wide) in paragraph at lines 1545--1546
\T1/aer/m/it/10 para el Cálculo del VaR como Medida de Riesgo en Mercados de Co
mmodities Latinoamericanos\T1/aer/m/n/10 .
 []


Overfull \hbox (29.7221pt too wide) in paragraph at lines 1553--1554
[]\T1/aer/m/n/10 The Balance. (1999-2019). \T1/aer/m/it/10 Diccionario de Térmi
nos\T1/aer/m/n/10 . New York, NY. http://www.thebalance.com 
 []


Overfull \hbox (42.0005pt too wide) in paragraph at lines 1555--1556
[]\T1/aer/m/n/10 Udacity. (Productor). (2018-2019). \T1/aer/m/it/10 Machine Lea
rning for Trading \T1/aer/m/n/10 [WEB]. https://www.udacity.com 
 []

Package atveryend Info: Empty hook `BeforeClearDocument' on input line 1559.
LaTeX Info: Redefining \. on input line 1559.
LaTeX Info: Redefining \% on input line 1559.
[64]
Package atveryend Info: Empty hook `AfterLastShipout' on input line 1559.
 (main.aux
LaTeX Info: Redefining \. on input line 21.
LaTeX Info: Redefining \% on input line 21.
)
Package atveryend Info: Executing hook `AtVeryEndDocument' on input line 1559.
Package atveryend Info: Executing hook `AtEndAfterFileList' on input line 1559.

Package rerunfilecheck Info: File `main.out' has not changed.
(rerunfilecheck)             Checksum: 7DE190C23E975B4A5FBD7C875BEAFF7F;4254.
Package atveryend Info: Empty hook `AtVeryVeryEnd' on input line 1559.
 ) 
Here is how much of TeX's memory you used:
 23897 strings out of 494889
 430354 string characters out of 3178471
 474738 words of memory out of 3000000
 26988 multiletter control sequences out of 15000+200000
 576896 words of font info for 121 fonts, out of 3000000 for 9000
 0 hyphenation exceptions out of 8191
 43i,12n,63p,1375b,1052s stack positions out of 5000i,500n,10000p,200000b,50000s
 </home/leonardo/.miktex/texmfs/data/fonts/pk/ljfour/jknappen/ec/dpi600/tcrm1
000.pk></home/leonardo/.miktex/texmfs/install/fonts/type1/public/amsfonts/cm/cm
bx10.pfb></home/leonardo/.miktex/texmfs/install/fonts/type1/public/amsfonts/cm/
cmbx12.pfb></home/leonardo/.miktex/texmfs/install/fonts/type1/public/amsfonts/c
m/cmbx9.pfb></home/leonardo/.miktex/texmfs/install/fonts/type1/public/amsfonts/
cm/cmcsc10.pfb></home/leonardo/.miktex/texmfs/install/fonts/type1/public/amsfon
ts/cm/cmex10.pfb></home/leonardo/.miktex/texmfs/install/fonts/type1/public/amsf
onts/cm/cmmi10.pfb></home/leonardo/.miktex/texmfs/install/fonts/type1/public/am
sfonts/cm/cmmi5.pfb></home/leonardo/.miktex/texmfs/install/fonts/type1/public/a
msfonts/cm/cmmi7.pfb></home/leonardo/.miktex/texmfs/install/fonts/type1/public/
amsfonts/cm/cmmi9.pfb></home/leonardo/.miktex/texmfs/install/fonts/type1/public
/amsfonts/cm/cmr10.pfb></home/leonardo/.miktex/texmfs/install/fonts/type1/publi
c/amsfonts/cm/cmr12.pfb></home/leonardo/.miktex/texmfs/install/fonts/type1/publ
ic/amsfonts/cm/cmr17.pfb></home/leonardo/.miktex/texmfs/install/fonts/type1/pub
lic/amsfonts/cm/cmr5.pfb></home/leonardo/.miktex/texmfs/install/fonts/type1/pub
lic/amsfonts/cm/cmr6.pfb></home/leonardo/.miktex/texmfs/install/fonts/type1/pub
lic/amsfonts/cm/cmr7.pfb></home/leonardo/.miktex/texmfs/install/fonts/type1/pub
lic/amsfonts/cm/cmr9.pfb></home/leonardo/.miktex/texmfs/install/fonts/type1/pub
lic/amsfonts/cm/cmsy10.pfb></home/leonardo/.miktex/texmfs/install/fonts/type1/p
ublic/amsfonts/cm/cmsy7.pfb></home/leonardo/.miktex/texmfs/install/fonts/type1/
public/amsfonts/cm/cmti10.pfb></home/leonardo/.miktex/texmfs/install/fonts/type
1/public/amsfonts/cm/cmtt10.pfb>
Output written on main.pdf (65 pages, 1145897 bytes).
PDF statistics:
 888 PDF objects out of 1000 (max. 8388607)
 188 named destinations out of 1000 (max. 500000)
 573 words of extra memory for PDF output out of 10000 (max. 10000000)

